[35m[1mConsolidate compiler generated dependencies of target ros2_laser_scan_merger[0m
[ 50%] [32mBuilding CXX object CMakeFiles/ros2_laser_scan_merger.dir/src/main.cpp.o[0m
[01m[K/home/vectioneer/git/ros2_laser_scan_merger/src/main.cpp:[m[K In constructor â€˜[01m[KscanMerger::scanMerger()[m[Kâ€™:
[01m[K/home/vectioneer/git/ros2_laser_scan_merger/src/main.cpp:33:71:[m[K [01;31m[Kerror: [m[Kâ€˜[01m[Krclcpp::ReliabilityPolicy::Reliable[m[Kâ€™ cannot be used as a function
   33 |     auto default_qos = rclcpp::QoS([01;31m[Krclcpp::ReliabilityPolicy::Reliable()[m[K);
      |                                    [01;31m[K~~~~~~~~~~~~~~~~~~~~~~~~~~~~~~~~~~~^~[m[K
[01m[K/home/vectioneer/git/ros2_laser_scan_merger/src/main.cpp:[m[K In member function â€˜[01m[Kvoid scanMerger::update_point_cloud_rgb()[m[Kâ€™:
[01m[K/home/vectioneer/git/ros2_laser_scan_merger/src/main.cpp:76:57:[m[K [01;35m[Kwarning: [m[Kcomparison of integer expressions of different signedness: â€˜[01m[Kint[m[Kâ€™ and â€˜[01m[Kstd::vector<float>::size_type[m[Kâ€™ {aka â€˜[01m[Klong unsigned int[m[Kâ€™} [[01;35m[K]8;;https://gcc.gnu.org/onlinedocs/gcc/Warning-Options.html#index-Wsign-compare-Wsign-compare]8;;[m[K]
   76 |       for (float i = temp_min_; i <= temp_max_ && [01;35m[Kcount < laser1_->ranges.size()[m[K;
      |                                                   [01;35m[K~~~~~~^~~~~~~~~~~~~~~~~~~~~~~~[m[K
[01m[K/home/vectioneer/git/ros2_laser_scan_merger/src/main.cpp:150:57:[m[K [01;35m[Kwarning: [m[Kcomparison of integer expressions of different signedness: â€˜[01m[Kint[m[Kâ€™ and â€˜[01m[Kstd::vector<float>::size_type[m[Kâ€™ {aka â€˜[01m[Klong unsigned int[m[Kâ€™} [[01;35m[K]8;;https://gcc.gnu.org/onlinedocs/gcc/Warning-Options.html#index-Wsign-compare-Wsign-compare]8;;[m[K]
  150 |       for (float i = temp_min_; i <= temp_max_ && [01;35m[Kcount < laser2_->ranges.size()[m[K;
      |                                                   [01;35m[K~~~~~~^~~~~~~~~~~~~~~~~~~~~~~~[m[K
gmake[2]: *** [CMakeFiles/ros2_laser_scan_merger.dir/build.make:76: CMakeFiles/ros2_laser_scan_merger.dir/src/main.cpp.o] Error 1
gmake[1]: *** [CMakeFiles/Makefile2:137: CMakeFiles/ros2_laser_scan_merger.dir/all] Error 2
gmake: *** [Makefile:146: all] Error 2
