[35m[1mConsolidate compiler generated dependencies of target ros2_laser_scan_merger[0m
[ 50%] [32mBuilding CXX object CMakeFiles/ros2_laser_scan_merger.dir/src/main.cpp.o[0m
[01m[K/home/vectioneer/git/ros2_laser_scan_merger/src/main.cpp:[m[K In constructor â€˜[01m[KscanMerger::scanMerger()[m[Kâ€™:
[01m[K/home/vectioneer/git/ros2_laser_scan_merger/src/main.cpp:34:5:[m[K [01;31m[Kerror: [m[Kâ€˜[01m[Kqos[m[Kâ€™ was not declared in this scope; did you mean â€˜[01m[Kcos[m[Kâ€™?
   34 |     [01;31m[Kqos[m[K.reliability(rclcpp::ReliabilityPolicy::BestAvailable);
      |     [01;31m[K^~~[m[K
      |     [32m[Kcos[m[K
[01m[K/home/vectioneer/git/ros2_laser_scan_merger/src/main.cpp:[m[K In member function â€˜[01m[Kvoid scanMerger::update_point_cloud_rgb()[m[Kâ€™:
[01m[K/home/vectioneer/git/ros2_laser_scan_merger/src/main.cpp:78:57:[m[K [01;35m[Kwarning: [m[Kcomparison of integer expressions of different signedness: â€˜[01m[Kint[m[Kâ€™ and â€˜[01m[Kstd::vector<float>::size_type[m[Kâ€™ {aka â€˜[01m[Klong unsigned int[m[Kâ€™} [[01;35m[K]8;;https://gcc.gnu.org/onlinedocs/gcc/Warning-Options.html#index-Wsign-compare-Wsign-compare]8;;[m[K]
   78 |       for (float i = temp_min_; i <= temp_max_ && [01;35m[Kcount < laser1_->ranges.size()[m[K;
      |                                                   [01;35m[K~~~~~~^~~~~~~~~~~~~~~~~~~~~~~~[m[K
[01m[K/home/vectioneer/git/ros2_laser_scan_merger/src/main.cpp:152:57:[m[K [01;35m[Kwarning: [m[Kcomparison of integer expressions of different signedness: â€˜[01m[Kint[m[Kâ€™ and â€˜[01m[Kstd::vector<float>::size_type[m[Kâ€™ {aka â€˜[01m[Klong unsigned int[m[Kâ€™} [[01;35m[K]8;;https://gcc.gnu.org/onlinedocs/gcc/Warning-Options.html#index-Wsign-compare-Wsign-compare]8;;[m[K]
  152 |       for (float i = temp_min_; i <= temp_max_ && [01;35m[Kcount < laser2_->ranges.size()[m[K;
      |                                                   [01;35m[K~~~~~~^~~~~~~~~~~~~~~~~~~~~~~~[m[K
gmake[2]: *** [CMakeFiles/ros2_laser_scan_merger.dir/build.make:76: CMakeFiles/ros2_laser_scan_merger.dir/src/main.cpp.o] Error 1
gmake[1]: *** [CMakeFiles/Makefile2:137: CMakeFiles/ros2_laser_scan_merger.dir/all] Error 2
gmake: *** [Makefile:146: all] Error 2
